<?xml version="1.0" encoding="UTF-8"?>
<!-- Generated by org.testng.reporters.JUnitXMLReporter -->
<testsuite hostname="NCDWIN7PXD17149" name="Layby application" tests="4" failures="0" timestamp="26 Mar 2019 07:04:54 GMT" time="9.157" errors="0">
  <testcase name="Useridpassword" time="0.553" classname="laybymgmt.Stocktakereport"/>
  <testcase name="Verifystoreselection" time="0.262" classname="laybymgmt.Stocktakereport"/>
  <testcase name="Reporting_StocktakeReport" time="0.263" classname="laybymgmt.Stocktakereport"/>
  <testcase name="Reporting_StocktakeReport_StoreReport" time="2.281" classname="laybymgmt.Stocktakereport"/>
</testsuite> <!-- Layby application -->
