<?xml version="1.0" encoding="UTF-8"?>
<!-- Generated by org.testng.reporters.JUnitReportReporter -->
<testsuite hostname="NCDWIN7PXD17050" name="au.wow.ngbomain.tests.OverstockReportsTest" tests="9" failures="0" timestamp="5 Dec 2018 17:56:54 GMT" time="1043.808" errors="0">
  <testcase name="verifyReportCurrentWeekPrimaryDepartment" time="779.689" classname="au.wow.ngbomain.tests.OverstockReportsTest"/>
  <testcase name="verifyReportDailyPrimaryDepartment" time="37.310" classname="au.wow.ngbomain.tests.OverstockReportsTest"/>
  <testcase name="verifyReportCurrentWeekAllDepartment" time="41.835" classname="au.wow.ngbomain.tests.OverstockReportsTest"/>
  <testcase name="verifyReportCurrentWeekPartialDepartment" time="32.731" classname="au.wow.ngbomain.tests.OverstockReportsTest"/>
  <testcase name="verifyReportLastWeekPartialDepartment" time="32.333" classname="au.wow.ngbomain.tests.OverstockReportsTest"/>
  <testcase name="verifyReportLastWeekAllDepartment" time="28.891" classname="au.wow.ngbomain.tests.OverstockReportsTest"/>
  <testcase name="verifyReportLastWeekPrimaryDepartment" time="27.215" classname="au.wow.ngbomain.tests.OverstockReportsTest"/>
  <testcase name="verifyReportDailyPartialDepartment" time="33.025" classname="au.wow.ngbomain.tests.OverstockReportsTest"/>
  <testcase name="verifyReportDailyAllDepartment" time="30.779" classname="au.wow.ngbomain.tests.OverstockReportsTest"/>
</testsuite> <!-- au.wow.ngbomain.tests.OverstockReportsTest -->
