<?xml version="1.0" encoding="UTF-8"?>
<!-- Generated by org.testng.reporters.JUnitReportReporter -->
<testsuite hostname="NCDWIN7PXD17050" name="au.wow.ngbomain.tests.DSCandPLUReportTests" tests="13" failures="0" timestamp="6 Dec 2018 05:21:25 GMT" time="643.250" errors="0">
  <testcase name="verifyPLUReportPrimaryDepartment" time="30.744" classname="au.wow.ngbomain.tests.DSCandPLUReportTests"/>
  <testcase name="verifyDSCReportMeatDepartment" time="32.318" classname="au.wow.ngbomain.tests.DSCandPLUReportTests"/>
  <testcase name="verifyPLUReportMultiDepartment" time="37.907" classname="au.wow.ngbomain.tests.DSCandPLUReportTests"/>
  <testcase name="verifyDSCReportAllDepartments" time="98.172" classname="au.wow.ngbomain.tests.DSCandPLUReportTests"/>
  <testcase name="verifyPLUReportForArticlePLU" time="52.658" classname="au.wow.ngbomain.tests.DSCandPLUReportTests"/>
  <testcase name="verifyDSCReportPDBArticle" time="35.190" classname="au.wow.ngbomain.tests.DSCandPLUReportTests"/>
  <testcase name="verifyDSCReportLitreArticle" time="33.736" classname="au.wow.ngbomain.tests.DSCandPLUReportTests"/>
  <testcase name="verifyPLUReportForArticleNumber" time="60.763" classname="au.wow.ngbomain.tests.DSCandPLUReportTests"/>
  <testcase name="verifyDSCReportMultipleReasonCode" time="92.784" classname="au.wow.ngbomain.tests.DSCandPLUReportTests"/>
  <testcase name="verifyPLUReportPartialDepartment" time="36.462" classname="au.wow.ngbomain.tests.DSCandPLUReportTests"/>
  <testcase name="verifyDSCReportPartialDepartment" time="45.820" classname="au.wow.ngbomain.tests.DSCandPLUReportTests"/>
  <testcase name="verifyPLUReportDeletedPLU" time="36.853" classname="au.wow.ngbomain.tests.DSCandPLUReportTests"/>
  <testcase name="verifyPLUReportAllDepartment" time="49.843" classname="au.wow.ngbomain.tests.DSCandPLUReportTests"/>
</testsuite> <!-- au.wow.ngbomain.tests.DSCandPLUReportTests -->
