<?xml version="1.0" encoding="UTF-8"?>
<!-- Generated by org.testng.reporters.JUnitReportReporter -->
<testsuite hostname="NCDWIN7PXD17050" name="au.wow.ngbomain.tests.EnhancedArticleLookUpTests1" tests="16" failures="0" timestamp="5 Dec 2018 17:56:54 GMT" time="1959.543" errors="0">
  <testcase name="enhancedCheckGrossProfit" time="59.642" classname="au.wow.ngbomain.tests.EnhancedArticleLookUpTests1"/>
  <testcase name="enhancedSellandPromoPrice" time="35.350" classname="au.wow.ngbomain.tests.EnhancedArticleLookUpTests1"/>
  <testcase name="enhancedBannerbigW" time="33.250" classname="au.wow.ngbomain.tests.EnhancedArticleLookUpTests1"/>
  <testcase name="enhancedFacingValue" time="94.263" classname="au.wow.ngbomain.tests.EnhancedArticleLookUpTests1"/>
  <testcase name="enhancedCheckNZStore" time="133.828" classname="au.wow.ngbomain.tests.EnhancedArticleLookUpTests1"/>
  <testcase name="enhancedUnknownItem" time="48.167" classname="au.wow.ngbomain.tests.EnhancedArticleLookUpTests1"/>
  <testcase name="enhancedBannerBWS" time="69.777" classname="au.wow.ngbomain.tests.EnhancedArticleLookUpTests1"/>
  <testcase name="enhancedbigWAdvanceSearch" time="86.833" classname="au.wow.ngbomain.tests.EnhancedArticleLookUpTests1"/>
  <testcase name="enhancedCheckPOSPrice" time="121.754" classname="au.wow.ngbomain.tests.EnhancedArticleLookUpTests1"/>
  <testcase name="enhancedCupPriceNZ" time="110.513" classname="au.wow.ngbomain.tests.EnhancedArticleLookUpTests1"/>
  <testcase name="enhancedPOSdetails" time="207.475" classname="au.wow.ngbomain.tests.EnhancedArticleLookUpTests1"/>
  <testcase name="enhancedFullHistorybigW" time="65.950" classname="au.wow.ngbomain.tests.EnhancedArticleLookUpTests1"/>
  <testcase name="enhancedReplinshmentFunctionality" time="56.320" classname="au.wow.ngbomain.tests.EnhancedArticleLookUpTests1"/>
  <testcase name="enhancedActivePromoBWS" time="38.886" classname="au.wow.ngbomain.tests.EnhancedArticleLookUpTests1"/>
  <testcase name="CheckPromopriceexcludingOneCardPromo" time="741.695" classname="au.wow.ngbomain.tests.EnhancedArticleLookUpTests1"/>
  <testcase name="enhancedReplinshmentFunctionalityBWS" time="55.840" classname="au.wow.ngbomain.tests.EnhancedArticleLookUpTests1"/>
</testsuite> <!-- au.wow.ngbomain.tests.EnhancedArticleLookUpTests1 -->
