<?xml version="1.0" encoding="UTF-8"?>
<!-- Generated by org.testng.reporters.JUnitReportReporter -->
<testsuite hostname="NCDWIN7PXD17050" name="au.wow.ngbomain.tests.OrderUpdationTest" tests="7" failures="0" timestamp="28 Nov 2018 12:40:30 GMT" time="375.082" errors="0">
  <testcase name="OrderUpdationOfManualPREQ_ZMW" time="56.242" classname="au.wow.ngbomain.tests.OrderUpdationTest"/>
  <testcase name="AdvanceSearchByArticleByEAN" time="56.425" classname="au.wow.ngbomain.tests.OrderUpdationTest"/>
  <testcase name="OrderUpdationOfManualPO_ZMW" time="39.625" classname="au.wow.ngbomain.tests.OrderUpdationTest"/>
  <testcase name="OrderUpdationOfSugoSTO_ZUBW" time="56.867" classname="au.wow.ngbomain.tests.OrderUpdationTest"/>
  <testcase name="OrderUpdationByAddingArticleByEAN" time="56.548" classname="au.wow.ngbomain.tests.OrderUpdationTest"/>
  <testcase name="OrderUpdationOfSugoPREQ_ZSW" time="53.467" classname="au.wow.ngbomain.tests.OrderUpdationTest"/>
  <testcase name="OrderUpdationOfSugoPREQ_ZSP" time="55.908" classname="au.wow.ngbomain.tests.OrderUpdationTest"/>
</testsuite> <!-- au.wow.ngbomain.tests.OrderUpdationTest -->
